<?xml version="1.0" encoding="UTF-8"?>
<!-- Generated by org.testng.reporters.JUnitReportReporter -->
<testsuite hostname="MAVBCP3488" failures="0" tests="1" name="com.selenium.example.Example4" time="18.388" errors="0" timestamp="2021-10-06T15:50:13 IST" skipped="0">
  <testcase classname="com.selenium.example.Example4" name="Execute" time="18.388"/>
  <system-out/>
</testsuite> <!-- com.selenium.example.Example4 -->
