<?xml version="1.0" encoding="UTF-8"?>
<!-- Generated by org.testng.reporters.JUnitReportReporter -->
<testsuite hostname="MAVBCP3488" failures="0" tests="1" name="com.selenium.day2.AlertDemo" time="17.127" errors="0" timestamp="2021-10-07T14:54:20 IST" skipped="0">
  <testcase classname="com.selenium.day2.AlertDemo" name="method" time="17.127"/>
  <system-out/>
</testsuite> <!-- com.selenium.day2.AlertDemo -->
