<?xml version="1.0" encoding="UTF-8"?>
<!-- Generated by org.testng.reporters.JUnitReportReporter -->
<testsuite hostname="MAVBCP3488" failures="0" tests="1" name="com.selenium.example.sampleTest" time="24.063" errors="0" timestamp="2021-10-13T09:45:20 IST" skipped="0">
  <testcase classname="com.selenium.example.sampleTest" name="method" time="24.063"/>
  <system-out/>
</testsuite> <!-- com.selenium.example.sampleTest -->
