<?xml version="1.0" encoding="UTF-8"?>
<!-- Generated by org.testng.reporters.JUnitReportReporter -->
<testsuite hostname="MAVBCP3488" failures="0" tests="1" name="com.selenium.example.LoginExample" time="25.075" errors="0" timestamp="2021-10-06T10:35:22 IST" skipped="0">
  <testcase classname="com.selenium.example.LoginExample" name="loginTest" time="25.075"/>
  <system-out/>
</testsuite> <!-- com.selenium.example.LoginExample -->
