<?xml version="1.0" encoding="UTF-8"?>
<!-- Generated by org.testng.reporters.JUnitReportReporter -->
<testsuite hostname="MAVBCP3488" failures="0" tests="1" name="com.selenium.example.Example2" time="11.600" errors="0" timestamp="2021-10-13T09:46:58 IST" skipped="0">
  <testcase classname="com.selenium.example.Example2" name="ValidLogin" time="11.600"/>
  <system-out/>
</testsuite> <!-- com.selenium.example.Example2 -->
