<?xml version="1.0" encoding="UTF-8"?>
<!-- Generated by org.testng.reporters.JUnitReportReporter -->
<testsuite hostname="MAVBCP3488" failures="0" tests="1" name="com.selenium.example.Example5" time="22.738" errors="0" timestamp="2021-10-07T09:23:23 IST" skipped="0">
  <testcase classname="com.selenium.example.Example5" name="sample" time="22.738"/>
  <system-out/>
</testsuite> <!-- com.selenium.example.Example5 -->
