<?xml version="1.0" encoding="UTF-8"?>
<!-- Generated by org.testng.reporters.JUnitReportReporter -->
<testsuite hostname="MAVBCP3488" failures="0" tests="1" name="com.selenium.day2.exampleClass2" time="23.863" errors="0" timestamp="2021-10-07T10:08:06 IST" skipped="0">
  <testcase classname="com.selenium.day2.exampleClass2" name="verifyValidLogin" time="23.863"/>
  <system-out/>
</testsuite> <!-- com.selenium.day2.exampleClass2 -->
