<?xml version="1.0" encoding="UTF-8"?>
<!-- Generated by org.testng.reporters.JUnitReportReporter -->
<testsuite skipped="0" hostname="MAVBCP3488" name="com.selenium.example.Example2" tests="1" failures="0" timestamp="2021-10-13T09:52:39 IST" time="11.310" errors="0">
  <testcase name="ValidLogin" time="11.310" classname="com.selenium.example.Example2"/>
  <system-out/>
</testsuite> <!-- com.selenium.example.Example2 -->
